<?xml version="1.0" encoding="UTF-8"?>
<!-- Generated by org.testng.reporters.JUnitReportReporter -->
<testsuite skipped="0" hostname="Ehabs-MBP" name="Framework.practice.Ecommerce2" tests="1" failures="0" timestamp="2020-03-13T13:05:17 GST" time="53.795" errors="0">
  <testcase name="testEcom2" time="53.795" classname="Framework.practice.Ecommerce2"/>
</testsuite> <!-- Framework.practice.Ecommerce2 -->
