<?xml version="1.0" encoding="UTF-8"?>
<!-- Generated by org.testng.reporters.JUnitReportReporter -->
<testsuite skipped="0" hostname="Ehabs-MBP" name="Framework.practice.HomePageTest" tests="1" failures="0" timestamp="2020-03-30T15:26:40 GST" time="30.973" errors="0">
  <testcase name="averifyTestCase" time="30.973" classname="Framework.practice.HomePageTest"/>
</testsuite> <!-- Framework.practice.HomePageTest -->
